2026-01-09 23:27:34,513 - INFO - === English Study Manager Running (Tray Icon Active) ===
2026-01-09 23:27:34,543 - DEBUG - Importing AvifImagePlugin
2026-01-09 23:27:34,544 - DEBUG - Importing BlpImagePlugin
2026-01-09 23:27:34,545 - DEBUG - Importing BmpImagePlugin
2026-01-09 23:27:34,545 - DEBUG - Importing BufrStubImagePlugin
2026-01-09 23:27:34,546 - DEBUG - Importing CurImagePlugin
2026-01-09 23:27:34,546 - DEBUG - Importing DcxImagePlugin
2026-01-09 23:27:34,547 - DEBUG - Importing DdsImagePlugin
2026-01-09 23:27:34,549 - DEBUG - Importing EpsImagePlugin
2026-01-09 23:27:34,550 - DEBUG - Importing FitsImagePlugin
2026-01-09 23:27:34,551 - DEBUG - Importing FliImagePlugin
2026-01-09 23:27:34,551 - DEBUG - Importing FpxImagePlugin
2026-01-09 23:27:34,571 - DEBUG - Image: failed to import FpxImagePlugin: No module named 'olefile'
2026-01-09 23:27:34,571 - DEBUG - Importing FtexImagePlugin
2026-01-09 23:27:34,572 - DEBUG - Importing GbrImagePlugin
2026-01-09 23:27:34,572 - DEBUG - Importing GifImagePlugin
2026-01-09 23:27:34,572 - DEBUG - Importing GribStubImagePlugin
2026-01-09 23:27:34,573 - DEBUG - Importing Hdf5StubImagePlugin
2026-01-09 23:27:34,573 - DEBUG - Importing IcnsImagePlugin
2026-01-09 23:27:34,574 - DEBUG - Importing IcoImagePlugin
2026-01-09 23:27:34,575 - DEBUG - Importing ImImagePlugin
2026-01-09 23:27:34,576 - DEBUG - Importing ImtImagePlugin
2026-01-09 23:27:34,576 - DEBUG - Importing IptcImagePlugin
2026-01-09 23:27:34,577 - DEBUG - Importing JpegImagePlugin
2026-01-09 23:27:34,577 - DEBUG - Importing Jpeg2KImagePlugin
2026-01-09 23:27:34,577 - DEBUG - Importing McIdasImagePlugin
2026-01-09 23:27:34,577 - DEBUG - Importing MicImagePlugin
2026-01-09 23:27:34,578 - DEBUG - Image: failed to import MicImagePlugin: No module named 'olefile'
2026-01-09 23:27:34,578 - DEBUG - Importing MpegImagePlugin
2026-01-09 23:27:34,578 - DEBUG - Importing MpoImagePlugin
2026-01-09 23:27:34,584 - DEBUG - Importing MspImagePlugin
2026-01-09 23:27:34,584 - DEBUG - Importing PalmImagePlugin
2026-01-09 23:27:34,585 - DEBUG - Importing PcdImagePlugin
2026-01-09 23:27:34,585 - DEBUG - Importing PcxImagePlugin
2026-01-09 23:27:34,585 - DEBUG - Importing PdfImagePlugin
2026-01-09 23:27:34,590 - DEBUG - Importing PixarImagePlugin
2026-01-09 23:27:34,590 - DEBUG - Importing PngImagePlugin
2026-01-09 23:27:34,590 - DEBUG - Importing PpmImagePlugin
2026-01-09 23:27:34,590 - DEBUG - Importing PsdImagePlugin
2026-01-09 23:27:34,591 - DEBUG - Importing QoiImagePlugin
2026-01-09 23:27:34,591 - DEBUG - Importing SgiImagePlugin
2026-01-09 23:27:34,591 - DEBUG - Importing SpiderImagePlugin
2026-01-09 23:27:34,592 - DEBUG - Importing SunImagePlugin
2026-01-09 23:27:34,592 - DEBUG - Importing TgaImagePlugin
2026-01-09 23:27:34,593 - DEBUG - Importing TiffImagePlugin
2026-01-09 23:27:34,593 - DEBUG - Importing WebPImagePlugin
2026-01-09 23:27:34,594 - DEBUG - Importing WmfImagePlugin
2026-01-09 23:27:34,595 - DEBUG - Importing XbmImagePlugin
2026-01-09 23:27:34,596 - DEBUG - Importing XpmImagePlugin
2026-01-09 23:27:34,596 - DEBUG - Importing XVThumbImagePlugin
2026-01-09 23:28:15,880 - WARNING - EnglishStudyManager is already running. Exiting this instance.
2026-01-09 23:30:32,986 - INFO - === English Study Manager Running (Tray Icon Active) ===
2026-01-09 23:30:33,045 - DEBUG - Importing AvifImagePlugin
2026-01-09 23:30:33,047 - DEBUG - Importing BlpImagePlugin
2026-01-09 23:30:33,050 - DEBUG - Importing BmpImagePlugin
2026-01-09 23:30:33,050 - DEBUG - Importing BufrStubImagePlugin
2026-01-09 23:30:33,051 - DEBUG - Importing CurImagePlugin
2026-01-09 23:30:33,052 - DEBUG - Importing DcxImagePlugin
2026-01-09 23:30:33,054 - DEBUG - Importing DdsImagePlugin
2026-01-09 23:30:33,060 - DEBUG - Importing EpsImagePlugin
2026-01-09 23:30:33,062 - DEBUG - Importing FitsImagePlugin
2026-01-09 23:30:33,065 - DEBUG - Importing FliImagePlugin
2026-01-09 23:30:33,066 - DEBUG - Importing FpxImagePlugin
2026-01-09 23:30:33,068 - DEBUG - Image: failed to import FpxImagePlugin: No module named 'olefile'
2026-01-09 23:30:33,068 - DEBUG - Importing FtexImagePlugin
2026-01-09 23:30:33,069 - DEBUG - Importing GbrImagePlugin
2026-01-09 23:30:33,070 - DEBUG - Importing GifImagePlugin
2026-01-09 23:30:33,071 - DEBUG - Importing GribStubImagePlugin
2026-01-09 23:30:33,072 - DEBUG - Importing Hdf5StubImagePlugin
2026-01-09 23:30:33,073 - DEBUG - Importing IcnsImagePlugin
2026-01-09 23:30:33,076 - DEBUG - Importing IcoImagePlugin
2026-01-09 23:30:33,078 - DEBUG - Importing ImImagePlugin
2026-01-09 23:30:33,080 - DEBUG - Importing ImtImagePlugin
2026-01-09 23:30:33,082 - DEBUG - Importing IptcImagePlugin
2026-01-09 23:30:33,083 - DEBUG - Importing JpegImagePlugin
2026-01-09 23:30:33,083 - DEBUG - Importing Jpeg2KImagePlugin
2026-01-09 23:30:33,083 - DEBUG - Importing McIdasImagePlugin
2026-01-09 23:30:33,084 - DEBUG - Importing MicImagePlugin
2026-01-09 23:30:33,086 - DEBUG - Image: failed to import MicImagePlugin: No module named 'olefile'
2026-01-09 23:30:33,086 - DEBUG - Importing MpegImagePlugin
2026-01-09 23:30:33,087 - DEBUG - Importing MpoImagePlugin
2026-01-09 23:30:33,099 - DEBUG - Importing MspImagePlugin
2026-01-09 23:30:33,100 - DEBUG - Importing PalmImagePlugin
2026-01-09 23:30:33,102 - DEBUG - Importing PcdImagePlugin
2026-01-09 23:30:33,103 - DEBUG - Importing PcxImagePlugin
2026-01-09 23:30:33,103 - DEBUG - Importing PdfImagePlugin
2026-01-09 23:30:33,115 - DEBUG - Importing PixarImagePlugin
2026-01-09 23:30:33,117 - DEBUG - Importing PngImagePlugin
2026-01-09 23:30:33,117 - DEBUG - Importing PpmImagePlugin
2026-01-09 23:30:33,117 - DEBUG - Importing PsdImagePlugin
2026-01-09 23:30:33,118 - DEBUG - Importing QoiImagePlugin
2026-01-09 23:30:33,119 - DEBUG - Importing SgiImagePlugin
2026-01-09 23:30:33,120 - DEBUG - Importing SpiderImagePlugin
2026-01-09 23:30:33,121 - DEBUG - Importing SunImagePlugin
2026-01-09 23:30:33,122 - DEBUG - Importing TgaImagePlugin
2026-01-09 23:30:33,123 - DEBUG - Importing TiffImagePlugin
2026-01-09 23:30:33,123 - DEBUG - Importing WebPImagePlugin
2026-01-09 23:30:33,126 - DEBUG - Importing WmfImagePlugin
2026-01-09 23:30:33,127 - DEBUG - Importing XbmImagePlugin
2026-01-09 23:30:33,130 - DEBUG - Importing XpmImagePlugin
2026-01-09 23:30:33,131 - DEBUG - Importing XVThumbImagePlugin
2026-01-09 23:31:15,418 - INFO - Hotkey Pressed: Open
2026-01-09 23:31:15,418 - INFO - [EVENT] Opening English Study Environment...
2026-01-09 23:31:52,981 - INFO - Hotkey Pressed: Close
2026-01-09 23:31:52,981 - INFO - [EVENT] Closing English Study Environment...
2026-01-09 23:32:22,528 - WARNING - EnglishStudyManager is already running. Exiting this instance.
2026-01-09 23:32:27,164 - INFO - Hotkey Pressed: Open
2026-01-09 23:32:27,164 - INFO - [EVENT] Opening English Study Environment...
2026-01-09 23:32:56,821 - INFO - Hotkey Pressed: Close
2026-01-09 23:32:56,822 - INFO - [EVENT] Closing English Study Environment...
2026-01-09 23:34:32,269 - WARNING - EnglishStudyManager is already running. Exiting this instance.
2026-01-09 23:34:35,016 - INFO - Hotkey Pressed: Open
2026-01-09 23:34:35,017 - INFO - [EVENT] Opening English Study Environment...
2026-01-09 23:35:44,589 - INFO - === English Study Manager Running (Tray Icon Active) ===
2026-01-09 23:35:44,663 - DEBUG - Importing AvifImagePlugin
2026-01-09 23:35:44,665 - DEBUG - Importing BlpImagePlugin
2026-01-09 23:35:44,668 - DEBUG - Importing BmpImagePlugin
2026-01-09 23:35:44,668 - DEBUG - Importing BufrStubImagePlugin
2026-01-09 23:35:44,669 - DEBUG - Importing CurImagePlugin
2026-01-09 23:35:44,671 - DEBUG - Importing DcxImagePlugin
2026-01-09 23:35:44,673 - DEBUG - Importing DdsImagePlugin
2026-01-09 23:35:44,681 - DEBUG - Importing EpsImagePlugin
2026-01-09 23:35:44,684 - DEBUG - Importing FitsImagePlugin
2026-01-09 23:35:44,687 - DEBUG - Importing FliImagePlugin
2026-01-09 23:35:44,688 - DEBUG - Importing FpxImagePlugin
2026-01-09 23:35:44,690 - DEBUG - Image: failed to import FpxImagePlugin: No module named 'olefile'
2026-01-09 23:35:44,690 - DEBUG - Importing FtexImagePlugin
2026-01-09 23:35:44,692 - DEBUG - Importing GbrImagePlugin
2026-01-09 23:35:44,693 - DEBUG - Importing GifImagePlugin
2026-01-09 23:35:44,694 - DEBUG - Importing GribStubImagePlugin
2026-01-09 23:35:44,695 - DEBUG - Importing Hdf5StubImagePlugin
2026-01-09 23:35:44,695 - DEBUG - Importing IcnsImagePlugin
2026-01-09 23:35:44,698 - DEBUG - Importing IcoImagePlugin
2026-01-09 23:35:44,700 - DEBUG - Importing ImImagePlugin
2026-01-09 23:35:44,702 - DEBUG - Importing ImtImagePlugin
2026-01-09 23:35:44,703 - DEBUG - Importing IptcImagePlugin
2026-01-09 23:35:44,704 - DEBUG - Importing JpegImagePlugin
2026-01-09 23:35:44,704 - DEBUG - Importing Jpeg2KImagePlugin
2026-01-09 23:35:44,704 - DEBUG - Importing McIdasImagePlugin
2026-01-09 23:35:44,705 - DEBUG - Importing MicImagePlugin
2026-01-09 23:35:44,707 - DEBUG - Image: failed to import MicImagePlugin: No module named 'olefile'
2026-01-09 23:35:44,707 - DEBUG - Importing MpegImagePlugin
2026-01-09 23:35:44,708 - DEBUG - Importing MpoImagePlugin
2026-01-09 23:35:44,722 - DEBUG - Importing MspImagePlugin
2026-01-09 23:35:44,724 - DEBUG - Importing PalmImagePlugin
2026-01-09 23:35:44,726 - DEBUG - Importing PcdImagePlugin
2026-01-09 23:35:44,727 - DEBUG - Importing PcxImagePlugin
2026-01-09 23:35:44,727 - DEBUG - Importing PdfImagePlugin
2026-01-09 23:35:44,739 - DEBUG - Importing PixarImagePlugin
2026-01-09 23:35:44,741 - DEBUG - Importing PngImagePlugin
2026-01-09 23:35:44,741 - DEBUG - Importing PpmImagePlugin
2026-01-09 23:35:44,741 - DEBUG - Importing PsdImagePlugin
2026-01-09 23:35:44,742 - DEBUG - Importing QoiImagePlugin
2026-01-09 23:35:44,744 - DEBUG - Importing SgiImagePlugin
2026-01-09 23:35:44,745 - DEBUG - Importing SpiderImagePlugin
2026-01-09 23:35:44,746 - DEBUG - Importing SunImagePlugin
2026-01-09 23:35:44,748 - DEBUG - Importing TgaImagePlugin
2026-01-09 23:35:44,749 - DEBUG - Importing TiffImagePlugin
2026-01-09 23:35:44,749 - DEBUG - Importing WebPImagePlugin
2026-01-09 23:35:44,753 - DEBUG - Importing WmfImagePlugin
2026-01-09 23:35:44,755 - DEBUG - Importing XbmImagePlugin
2026-01-09 23:35:44,758 - DEBUG - Importing XpmImagePlugin
2026-01-09 23:35:44,759 - DEBUG - Importing XVThumbImagePlugin
2026-01-09 23:35:47,041 - INFO - Hotkey Pressed: Close
2026-01-09 23:35:47,041 - INFO - [EVENT] Closing English Study Environment...
2026-01-09 23:36:00,155 - INFO - Hotkey Pressed: Open
2026-01-09 23:36:00,155 - INFO - [EVENT] Opening English Study Environment...
2026-01-09 23:36:14,383 - INFO - Hotkey Pressed: Close
2026-01-09 23:36:14,383 - INFO - [EVENT] Closing English Study Environment...
2026-01-10 16:24:17,379 - INFO - [EVENT] Opening English Study Environment...
2026-01-10 16:24:17,380 - INFO - === English Study Manager Running (Tray Icon Active) ===
2026-01-10 16:24:17,711 - DEBUG - Importing AvifImagePlugin
2026-01-10 16:24:17,728 - DEBUG - Importing BlpImagePlugin
2026-01-10 16:24:17,737 - DEBUG - Importing BmpImagePlugin
2026-01-10 16:24:17,737 - DEBUG - Importing BufrStubImagePlugin
2026-01-10 16:24:17,744 - DEBUG - Importing CurImagePlugin
2026-01-10 16:24:17,760 - DEBUG - Importing DcxImagePlugin
2026-01-10 16:24:17,783 - DEBUG - Importing DdsImagePlugin
2026-01-10 16:24:17,796 - DEBUG - Importing EpsImagePlugin
2026-01-10 16:24:17,805 - DEBUG - Importing FitsImagePlugin
2026-01-10 16:24:17,832 - DEBUG - Importing FliImagePlugin
2026-01-10 16:24:17,848 - DEBUG - Importing FpxImagePlugin
2026-01-10 16:24:17,863 - DEBUG - Image: failed to import FpxImagePlugin: No module named 'olefile'
2026-01-10 16:24:17,863 - DEBUG - Importing FtexImagePlugin
2026-01-10 16:24:17,881 - DEBUG - Importing GbrImagePlugin
2026-01-10 16:24:17,899 - DEBUG - Importing GifImagePlugin
2026-01-10 16:24:17,900 - DEBUG - Importing GribStubImagePlugin
2026-01-10 16:24:17,915 - DEBUG - Importing Hdf5StubImagePlugin
2026-01-10 16:24:17,922 - DEBUG - Importing IcnsImagePlugin
2026-01-10 16:24:17,967 - DEBUG - Importing IcoImagePlugin
2026-01-10 16:24:17,981 - DEBUG - Importing ImImagePlugin
2026-01-10 16:24:17,996 - DEBUG - Importing ImtImagePlugin
2026-01-10 16:24:18,013 - DEBUG - Importing IptcImagePlugin
2026-01-10 16:24:18,022 - DEBUG - Importing JpegImagePlugin
2026-01-10 16:24:18,022 - DEBUG - Importing Jpeg2KImagePlugin
2026-01-10 16:24:18,022 - DEBUG - Importing McIdasImagePlugin
2026-01-10 16:24:18,036 - DEBUG - Importing MicImagePlugin
2026-01-10 16:24:18,052 - DEBUG - Image: failed to import MicImagePlugin: No module named 'olefile'
2026-01-10 16:24:18,052 - DEBUG - Importing MpegImagePlugin
2026-01-10 16:24:18,068 - DEBUG - Importing MpoImagePlugin
2026-01-10 16:24:18,208 - DEBUG - Importing MspImagePlugin
2026-01-10 16:24:18,227 - DEBUG - Importing PalmImagePlugin
2026-01-10 16:24:18,236 - DEBUG - Importing PcdImagePlugin
2026-01-10 16:24:18,253 - DEBUG - Importing PcxImagePlugin
2026-01-10 16:24:18,253 - DEBUG - Importing PdfImagePlugin
2026-01-10 16:24:18,299 - DEBUG - Importing PixarImagePlugin
2026-01-10 16:24:18,315 - DEBUG - Importing PngImagePlugin
2026-01-10 16:24:18,315 - DEBUG - Importing PpmImagePlugin
2026-01-10 16:24:18,315 - DEBUG - Importing PsdImagePlugin
2026-01-10 16:24:18,334 - DEBUG - Importing QoiImagePlugin
2026-01-10 16:24:18,352 - DEBUG - Importing SgiImagePlugin
2026-01-10 16:24:18,360 - DEBUG - Importing SpiderImagePlugin
2026-01-10 16:24:18,376 - DEBUG - Importing SunImagePlugin
2026-01-10 16:24:18,396 - DEBUG - Importing TgaImagePlugin
2026-01-10 16:24:18,413 - DEBUG - Importing TiffImagePlugin
2026-01-10 16:24:18,413 - DEBUG - Importing WebPImagePlugin
2026-01-10 16:24:18,451 - DEBUG - Importing WmfImagePlugin
2026-01-10 16:24:18,465 - DEBUG - Importing XbmImagePlugin
2026-01-10 16:24:18,474 - DEBUG - Importing XpmImagePlugin
2026-01-10 16:24:18,481 - DEBUG - Importing XVThumbImagePlugin
2026-01-11 22:10:31,481 - INFO - [EVENT] Opening English Study Environment...
2026-01-11 22:10:31,483 - INFO - === English Study Manager Running (Tray Icon Active) ===
2026-01-11 22:10:31,804 - DEBUG - Importing AvifImagePlugin
2026-01-11 22:10:31,821 - DEBUG - Importing BlpImagePlugin
2026-01-11 22:10:31,831 - DEBUG - Importing BmpImagePlugin
2026-01-11 22:10:31,832 - DEBUG - Importing BufrStubImagePlugin
2026-01-11 22:10:31,848 - DEBUG - Importing CurImagePlugin
2026-01-11 22:10:31,860 - DEBUG - Importing DcxImagePlugin
2026-01-11 22:10:31,890 - DEBUG - Importing DdsImagePlugin
2026-01-11 22:10:31,911 - DEBUG - Importing EpsImagePlugin
2026-01-11 22:10:31,928 - DEBUG - Importing FitsImagePlugin
2026-01-11 22:10:31,961 - DEBUG - Importing FliImagePlugin
2026-01-11 22:10:31,975 - DEBUG - Importing FpxImagePlugin
2026-01-11 22:10:31,991 - DEBUG - Image: failed to import FpxImagePlugin: No module named 'olefile'
2026-01-11 22:10:31,992 - DEBUG - Importing FtexImagePlugin
2026-01-11 22:10:32,009 - DEBUG - Importing GbrImagePlugin
2026-01-11 22:10:32,023 - DEBUG - Importing GifImagePlugin
2026-01-11 22:10:32,023 - DEBUG - Importing GribStubImagePlugin
2026-01-11 22:10:32,040 - DEBUG - Importing Hdf5StubImagePlugin
2026-01-11 22:10:32,055 - DEBUG - Importing IcnsImagePlugin
2026-01-11 22:10:32,096 - DEBUG - Importing IcoImagePlugin
2026-01-11 22:10:32,113 - DEBUG - Importing ImImagePlugin
2026-01-11 22:10:32,128 - DEBUG - Importing ImtImagePlugin
2026-01-11 22:10:32,142 - DEBUG - Importing IptcImagePlugin
2026-01-11 22:10:32,167 - DEBUG - Importing JpegImagePlugin
2026-01-11 22:10:32,167 - DEBUG - Importing Jpeg2KImagePlugin
2026-01-11 22:10:32,167 - DEBUG - Importing McIdasImagePlugin
2026-01-11 22:10:32,180 - DEBUG - Importing MicImagePlugin
2026-01-11 22:10:32,198 - DEBUG - Image: failed to import MicImagePlugin: No module named 'olefile'
2026-01-11 22:10:32,198 - DEBUG - Importing MpegImagePlugin
2026-01-11 22:10:32,215 - DEBUG - Importing MpoImagePlugin
2026-01-11 22:10:32,379 - DEBUG - Importing MspImagePlugin
2026-01-11 22:10:32,395 - DEBUG - Importing PalmImagePlugin
2026-01-11 22:10:32,410 - DEBUG - Importing PcdImagePlugin
2026-01-11 22:10:32,425 - DEBUG - Importing PcxImagePlugin
2026-01-11 22:10:32,426 - DEBUG - Importing PdfImagePlugin
2026-01-11 22:10:32,474 - DEBUG - Importing PixarImagePlugin
2026-01-11 22:10:32,490 - DEBUG - Importing PngImagePlugin
2026-01-11 22:10:32,490 - DEBUG - Importing PpmImagePlugin
2026-01-11 22:10:32,490 - DEBUG - Importing PsdImagePlugin
2026-01-11 22:10:32,505 - DEBUG - Importing QoiImagePlugin
2026-01-11 22:10:32,521 - DEBUG - Importing SgiImagePlugin
2026-01-11 22:10:32,539 - DEBUG - Importing SpiderImagePlugin
2026-01-11 22:10:32,550 - DEBUG - Importing SunImagePlugin
2026-01-11 22:10:32,560 - DEBUG - Importing TgaImagePlugin
2026-01-11 22:10:32,567 - DEBUG - Importing TiffImagePlugin
2026-01-11 22:10:32,568 - DEBUG - Importing WebPImagePlugin
2026-01-11 22:10:32,598 - DEBUG - Importing WmfImagePlugin
2026-01-11 22:10:32,606 - DEBUG - Importing XbmImagePlugin
2026-01-11 22:10:32,616 - DEBUG - Importing XpmImagePlugin
2026-01-11 22:10:32,628 - DEBUG - Importing XVThumbImagePlugin
2026-01-11 23:18:22,247 - INFO - [EVENT] Closing English Study Environment...
2026-01-12 16:57:38,150 - INFO - [EVENT] Opening English Study Environment...
2026-01-12 16:57:38,151 - INFO - === English Study Manager Running (Tray Icon Active) ===
2026-01-12 16:57:38,448 - DEBUG - Importing AvifImagePlugin
2026-01-12 16:57:38,462 - DEBUG - Importing BlpImagePlugin
2026-01-12 16:57:38,479 - DEBUG - Importing BmpImagePlugin
2026-01-12 16:57:38,480 - DEBUG - Importing BufrStubImagePlugin
2026-01-12 16:57:38,495 - DEBUG - Importing CurImagePlugin
2026-01-12 16:57:38,509 - DEBUG - Importing DcxImagePlugin
2026-01-12 16:57:38,541 - DEBUG - Importing DdsImagePlugin
2026-01-12 16:57:38,559 - DEBUG - Importing EpsImagePlugin
2026-01-12 16:57:38,575 - DEBUG - Importing FitsImagePlugin
2026-01-12 16:57:38,602 - DEBUG - Importing FliImagePlugin
2026-01-12 16:57:38,617 - DEBUG - Importing FpxImagePlugin
2026-01-12 16:57:38,633 - DEBUG - Image: failed to import FpxImagePlugin: No module named 'olefile'
2026-01-12 16:57:38,633 - DEBUG - Importing FtexImagePlugin
2026-01-12 16:57:38,651 - DEBUG - Importing GbrImagePlugin
2026-01-12 16:57:38,665 - DEBUG - Importing GifImagePlugin
2026-01-12 16:57:38,665 - DEBUG - Importing GribStubImagePlugin
2026-01-12 16:57:38,678 - DEBUG - Importing Hdf5StubImagePlugin
2026-01-12 16:57:38,695 - DEBUG - Importing IcnsImagePlugin
2026-01-12 16:57:38,738 - DEBUG - Importing IcoImagePlugin
2026-01-12 16:57:38,755 - DEBUG - Importing ImImagePlugin
2026-01-12 16:57:38,771 - DEBUG - Importing ImtImagePlugin
2026-01-12 16:57:38,785 - DEBUG - Importing IptcImagePlugin
2026-01-12 16:57:38,804 - DEBUG - Importing JpegImagePlugin
2026-01-12 16:57:38,805 - DEBUG - Importing Jpeg2KImagePlugin
2026-01-12 16:57:38,805 - DEBUG - Importing McIdasImagePlugin
2026-01-12 16:57:38,821 - DEBUG - Importing MicImagePlugin
2026-01-12 16:57:38,837 - DEBUG - Image: failed to import MicImagePlugin: No module named 'olefile'
2026-01-12 16:57:38,837 - DEBUG - Importing MpegImagePlugin
2026-01-12 16:57:38,851 - DEBUG - Importing MpoImagePlugin
2026-01-12 16:57:38,964 - DEBUG - Importing MspImagePlugin
2026-01-12 16:57:38,982 - DEBUG - Importing PalmImagePlugin
2026-01-12 16:57:38,995 - DEBUG - Importing PcdImagePlugin
2026-01-12 16:57:39,007 - DEBUG - Importing PcxImagePlugin
2026-01-12 16:57:39,007 - DEBUG - Importing PdfImagePlugin
2026-01-12 16:57:39,065 - DEBUG - Importing PixarImagePlugin
2026-01-12 16:57:39,081 - DEBUG - Importing PngImagePlugin
2026-01-12 16:57:39,081 - DEBUG - Importing PpmImagePlugin
2026-01-12 16:57:39,081 - DEBUG - Importing PsdImagePlugin
2026-01-12 16:57:39,095 - DEBUG - Importing QoiImagePlugin
2026-01-12 16:57:39,111 - DEBUG - Importing SgiImagePlugin
2026-01-12 16:57:39,127 - DEBUG - Importing SpiderImagePlugin
2026-01-12 16:57:39,137 - DEBUG - Importing SunImagePlugin
2026-01-12 16:57:39,145 - DEBUG - Importing TgaImagePlugin
2026-01-12 16:57:39,152 - DEBUG - Importing TiffImagePlugin
2026-01-12 16:57:39,152 - DEBUG - Importing WebPImagePlugin
2026-01-12 16:57:39,181 - DEBUG - Importing WmfImagePlugin
2026-01-12 16:57:39,190 - DEBUG - Importing XbmImagePlugin
2026-01-12 16:57:39,198 - DEBUG - Importing XpmImagePlugin
2026-01-12 16:57:39,207 - DEBUG - Importing XVThumbImagePlugin
2026-01-22 18:22:05,223 - INFO - [EVENT] Opening English Study Environment...
2026-01-22 18:22:05,225 - INFO - === English Study Manager Running (Tray Icon Active) ===
2026-01-22 18:22:05,542 - DEBUG - Importing AvifImagePlugin
2026-01-22 18:22:05,558 - DEBUG - Importing BlpImagePlugin
2026-01-22 18:22:05,575 - DEBUG - Importing BmpImagePlugin
2026-01-22 18:22:05,575 - DEBUG - Importing BufrStubImagePlugin
2026-01-22 18:22:05,591 - DEBUG - Importing CurImagePlugin
2026-01-22 18:22:05,606 - DEBUG - Importing DcxImagePlugin
2026-01-22 18:22:05,638 - DEBUG - Importing DdsImagePlugin
2026-01-22 18:22:05,661 - DEBUG - Importing EpsImagePlugin
2026-01-22 18:22:05,676 - DEBUG - Importing FitsImagePlugin
2026-01-22 18:22:05,707 - DEBUG - Importing FliImagePlugin
2026-01-22 18:22:05,723 - DEBUG - Importing FpxImagePlugin
2026-01-22 18:22:05,740 - DEBUG - Image: failed to import FpxImagePlugin: No module named 'olefile'
2026-01-22 18:22:05,741 - DEBUG - Importing FtexImagePlugin
2026-01-22 18:22:05,758 - DEBUG - Importing GbrImagePlugin
2026-01-22 18:22:05,772 - DEBUG - Importing GifImagePlugin
2026-01-22 18:22:05,772 - DEBUG - Importing GribStubImagePlugin
2026-01-22 18:22:05,787 - DEBUG - Importing Hdf5StubImagePlugin
2026-01-22 18:22:05,801 - DEBUG - Importing IcnsImagePlugin
2026-01-22 18:22:05,849 - DEBUG - Importing IcoImagePlugin
2026-01-22 18:22:05,862 - DEBUG - Importing ImImagePlugin
2026-01-22 18:22:05,877 - DEBUG - Importing ImtImagePlugin
2026-01-22 18:22:05,894 - DEBUG - Importing IptcImagePlugin
2026-01-22 18:22:05,915 - DEBUG - Importing JpegImagePlugin
2026-01-22 18:22:05,916 - DEBUG - Importing Jpeg2KImagePlugin
2026-01-22 18:22:05,916 - DEBUG - Importing McIdasImagePlugin
2026-01-22 18:22:05,932 - DEBUG - Importing MicImagePlugin
2026-01-22 18:22:05,947 - DEBUG - Image: failed to import MicImagePlugin: No module named 'olefile'
2026-01-22 18:22:05,947 - DEBUG - Importing MpegImagePlugin
2026-01-22 18:22:05,960 - DEBUG - Importing MpoImagePlugin
2026-01-22 18:22:06,104 - DEBUG - Importing MspImagePlugin
2026-01-22 18:22:06,119 - DEBUG - Importing PalmImagePlugin
2026-01-22 18:22:06,133 - DEBUG - Importing PcdImagePlugin
2026-01-22 18:22:06,151 - DEBUG - Importing PcxImagePlugin
2026-01-22 18:22:06,152 - DEBUG - Importing PdfImagePlugin
2026-01-22 18:22:06,194 - DEBUG - Importing PixarImagePlugin
2026-01-22 18:22:06,210 - DEBUG - Importing PngImagePlugin
2026-01-22 18:22:06,210 - DEBUG - Importing PpmImagePlugin
2026-01-22 18:22:06,210 - DEBUG - Importing PsdImagePlugin
2026-01-22 18:22:06,224 - DEBUG - Importing QoiImagePlugin
2026-01-22 18:22:06,239 - DEBUG - Importing SgiImagePlugin
2026-01-22 18:22:06,252 - DEBUG - Importing SpiderImagePlugin
2026-01-22 18:22:06,268 - DEBUG - Importing SunImagePlugin
2026-01-22 18:22:06,279 - DEBUG - Importing TgaImagePlugin
2026-01-22 18:22:06,286 - DEBUG - Importing TiffImagePlugin
2026-01-22 18:22:06,286 - DEBUG - Importing WebPImagePlugin
2026-01-22 18:22:06,324 - DEBUG - Importing WmfImagePlugin
2026-01-22 18:22:06,332 - DEBUG - Importing XbmImagePlugin
2026-01-22 18:22:06,342 - DEBUG - Importing XpmImagePlugin
2026-01-22 18:22:06,350 - DEBUG - Importing XVThumbImagePlugin
2026-01-23 10:49:25,871 - INFO - [EVENT] Opening English Study Environment...
2026-01-23 10:49:25,872 - INFO - === English Study Manager Running (Tray Icon Active) ===
2026-01-23 10:49:26,178 - DEBUG - Importing AvifImagePlugin
2026-01-23 10:49:26,195 - DEBUG - Importing BlpImagePlugin
2026-01-23 10:49:26,211 - DEBUG - Importing BmpImagePlugin
2026-01-23 10:49:26,212 - DEBUG - Importing BufrStubImagePlugin
2026-01-23 10:49:26,227 - DEBUG - Importing CurImagePlugin
2026-01-23 10:49:26,238 - DEBUG - Importing DcxImagePlugin
2026-01-23 10:49:26,268 - DEBUG - Importing DdsImagePlugin
2026-01-23 10:49:26,290 - DEBUG - Importing EpsImagePlugin
2026-01-23 10:49:26,307 - DEBUG - Importing FitsImagePlugin
2026-01-23 10:49:26,342 - DEBUG - Importing FliImagePlugin
2026-01-23 10:49:26,359 - DEBUG - Importing FpxImagePlugin
2026-01-23 10:49:26,376 - DEBUG - Image: failed to import FpxImagePlugin: No module named 'olefile'
2026-01-23 10:49:26,377 - DEBUG - Importing FtexImagePlugin
2026-01-23 10:49:26,394 - DEBUG - Importing GbrImagePlugin
2026-01-23 10:49:26,404 - DEBUG - Importing GifImagePlugin
2026-01-23 10:49:26,405 - DEBUG - Importing GribStubImagePlugin
2026-01-23 10:49:26,418 - DEBUG - Importing Hdf5StubImagePlugin
2026-01-23 10:49:26,433 - DEBUG - Importing IcnsImagePlugin
2026-01-23 10:49:26,475 - DEBUG - Importing IcoImagePlugin
2026-01-23 10:49:26,492 - DEBUG - Importing ImImagePlugin
2026-01-23 10:49:26,509 - DEBUG - Importing ImtImagePlugin
2026-01-23 10:49:26,523 - DEBUG - Importing IptcImagePlugin
2026-01-23 10:49:26,543 - DEBUG - Importing JpegImagePlugin
2026-01-23 10:49:26,543 - DEBUG - Importing Jpeg2KImagePlugin
2026-01-23 10:49:26,543 - DEBUG - Importing McIdasImagePlugin
2026-01-23 10:49:26,558 - DEBUG - Importing MicImagePlugin
2026-01-23 10:49:26,574 - DEBUG - Image: failed to import MicImagePlugin: No module named 'olefile'
2026-01-23 10:49:26,574 - DEBUG - Importing MpegImagePlugin
2026-01-23 10:49:26,588 - DEBUG - Importing MpoImagePlugin
2026-01-23 10:49:26,739 - DEBUG - Importing MspImagePlugin
2026-01-23 10:49:26,750 - DEBUG - Importing PalmImagePlugin
2026-01-23 10:49:26,765 - DEBUG - Importing PcdImagePlugin
2026-01-23 10:49:26,782 - DEBUG - Importing PcxImagePlugin
2026-01-23 10:49:26,782 - DEBUG - Importing PdfImagePlugin
2026-01-23 10:49:26,838 - DEBUG - Importing PixarImagePlugin
2026-01-23 10:49:26,855 - DEBUG - Importing PngImagePlugin
2026-01-23 10:49:26,856 - DEBUG - Importing PpmImagePlugin
2026-01-23 10:49:26,856 - DEBUG - Importing PsdImagePlugin
2026-01-23 10:49:26,872 - DEBUG - Importing QoiImagePlugin
2026-01-23 10:49:26,886 - DEBUG - Importing SgiImagePlugin
2026-01-23 10:49:26,900 - DEBUG - Importing SpiderImagePlugin
2026-01-23 10:49:26,918 - DEBUG - Importing SunImagePlugin
2026-01-23 10:49:26,933 - DEBUG - Importing TgaImagePlugin
2026-01-23 10:49:26,941 - DEBUG - Importing TiffImagePlugin
2026-01-23 10:49:26,941 - DEBUG - Importing WebPImagePlugin
2026-01-23 10:49:26,971 - DEBUG - Importing WmfImagePlugin
2026-01-23 10:49:26,979 - DEBUG - Importing XbmImagePlugin
2026-01-23 10:49:26,989 - DEBUG - Importing XpmImagePlugin
2026-01-23 10:49:26,998 - DEBUG - Importing XVThumbImagePlugin
2026-01-25 20:26:45,322 - INFO - [EVENT] Opening English Study Environment...
2026-01-25 20:26:45,324 - INFO - === English Study Manager Running (Tray Icon Active) ===
2026-01-25 20:26:45,586 - DEBUG - Importing AvifImagePlugin
2026-01-25 20:26:45,594 - DEBUG - Importing BlpImagePlugin
2026-01-25 20:26:45,604 - DEBUG - Importing BmpImagePlugin
2026-01-25 20:26:45,605 - DEBUG - Importing BufrStubImagePlugin
2026-01-25 20:26:45,613 - DEBUG - Importing CurImagePlugin
2026-01-25 20:26:45,620 - DEBUG - Importing DcxImagePlugin
2026-01-25 20:26:45,636 - DEBUG - Importing DdsImagePlugin
2026-01-25 20:26:45,650 - DEBUG - Importing EpsImagePlugin
2026-01-25 20:26:45,666 - DEBUG - Importing FitsImagePlugin
2026-01-25 20:26:45,689 - DEBUG - Importing FliImagePlugin
2026-01-25 20:26:45,707 - DEBUG - Importing FpxImagePlugin
2026-01-25 20:26:45,716 - DEBUG - Image: failed to import FpxImagePlugin: No module named 'olefile'
2026-01-25 20:26:45,717 - DEBUG - Importing FtexImagePlugin
2026-01-25 20:26:45,726 - DEBUG - Importing GbrImagePlugin
2026-01-25 20:26:45,734 - DEBUG - Importing GifImagePlugin
2026-01-25 20:26:45,734 - DEBUG - Importing GribStubImagePlugin
2026-01-25 20:26:45,744 - DEBUG - Importing Hdf5StubImagePlugin
2026-01-25 20:26:45,753 - DEBUG - Importing IcnsImagePlugin
2026-01-25 20:26:45,786 - DEBUG - Importing IcoImagePlugin
2026-01-25 20:26:45,805 - DEBUG - Importing ImImagePlugin
2026-01-25 20:26:45,824 - DEBUG - Importing ImtImagePlugin
2026-01-25 20:26:45,833 - DEBUG - Importing IptcImagePlugin
2026-01-25 20:26:45,860 - DEBUG - Importing JpegImagePlugin
2026-01-25 20:26:45,862 - DEBUG - Importing Jpeg2KImagePlugin
2026-01-25 20:26:45,862 - DEBUG - Importing McIdasImagePlugin
2026-01-25 20:26:45,872 - DEBUG - Importing MicImagePlugin
2026-01-25 20:26:45,880 - DEBUG - Image: failed to import MicImagePlugin: No module named 'olefile'
2026-01-25 20:26:45,881 - DEBUG - Importing MpegImagePlugin
2026-01-25 20:26:45,898 - DEBUG - Importing MpoImagePlugin
2026-01-25 20:26:45,992 - DEBUG - Importing MspImagePlugin
2026-01-25 20:26:46,000 - DEBUG - Importing PalmImagePlugin
2026-01-25 20:26:46,008 - DEBUG - Importing PcdImagePlugin
2026-01-25 20:26:46,015 - DEBUG - Importing PcxImagePlugin
2026-01-25 20:26:46,016 - DEBUG - Importing PdfImagePlugin
2026-01-25 20:26:46,059 - DEBUG - Importing PixarImagePlugin
2026-01-25 20:26:46,068 - DEBUG - Importing PngImagePlugin
2026-01-25 20:26:46,068 - DEBUG - Importing PpmImagePlugin
2026-01-25 20:26:46,068 - DEBUG - Importing PsdImagePlugin
2026-01-25 20:26:46,087 - DEBUG - Importing QoiImagePlugin
2026-01-25 20:26:46,103 - DEBUG - Importing SgiImagePlugin
2026-01-25 20:26:46,112 - DEBUG - Importing SpiderImagePlugin
2026-01-25 20:26:46,119 - DEBUG - Importing SunImagePlugin
2026-01-25 20:26:46,128 - DEBUG - Importing TgaImagePlugin
2026-01-25 20:26:46,145 - DEBUG - Importing TiffImagePlugin
2026-01-25 20:26:46,145 - DEBUG - Importing WebPImagePlugin
2026-01-25 20:26:46,180 - DEBUG - Importing WmfImagePlugin
2026-01-25 20:26:46,190 - DEBUG - Importing XbmImagePlugin
2026-01-25 20:26:46,201 - DEBUG - Importing XpmImagePlugin
2026-01-25 20:26:46,210 - DEBUG - Importing XVThumbImagePlugin
2026-01-25 22:06:11,384 - INFO - [EVENT] Opening English Study Environment...
2026-01-25 22:06:11,385 - INFO - === English Study Manager Running (Tray Icon Active) ===
2026-01-25 22:06:11,608 - DEBUG - Importing AvifImagePlugin
2026-01-25 22:06:11,618 - DEBUG - Importing BlpImagePlugin
2026-01-25 22:06:11,631 - DEBUG - Importing BmpImagePlugin
2026-01-25 22:06:11,631 - DEBUG - Importing BufrStubImagePlugin
2026-01-25 22:06:11,640 - DEBUG - Importing CurImagePlugin
2026-01-25 22:06:11,649 - DEBUG - Importing DcxImagePlugin
2026-01-25 22:06:11,667 - DEBUG - Importing DdsImagePlugin
2026-01-25 22:06:11,681 - DEBUG - Importing EpsImagePlugin
2026-01-25 22:06:11,695 - DEBUG - Importing FitsImagePlugin
2026-01-25 22:06:11,722 - DEBUG - Importing FliImagePlugin
2026-01-25 22:06:11,736 - DEBUG - Importing FpxImagePlugin
2026-01-25 22:06:11,745 - DEBUG - Image: failed to import FpxImagePlugin: No module named 'olefile'
2026-01-25 22:06:11,746 - DEBUG - Importing FtexImagePlugin
2026-01-25 22:06:11,764 - DEBUG - Importing GbrImagePlugin
2026-01-25 22:06:11,773 - DEBUG - Importing GifImagePlugin
2026-01-25 22:06:11,773 - DEBUG - Importing GribStubImagePlugin
2026-01-25 22:06:11,782 - DEBUG - Importing Hdf5StubImagePlugin
2026-01-25 22:06:11,792 - DEBUG - Importing IcnsImagePlugin
2026-01-25 22:06:11,824 - DEBUG - Importing IcoImagePlugin
2026-01-25 22:06:11,833 - DEBUG - Importing ImImagePlugin
2026-01-25 22:06:11,846 - DEBUG - Importing ImtImagePlugin
2026-01-25 22:06:11,860 - DEBUG - Importing IptcImagePlugin
2026-01-25 22:06:11,879 - DEBUG - Importing JpegImagePlugin
2026-01-25 22:06:11,879 - DEBUG - Importing Jpeg2KImagePlugin
2026-01-25 22:06:11,879 - DEBUG - Importing McIdasImagePlugin
2026-01-25 22:06:11,889 - DEBUG - Importing MicImagePlugin
2026-01-25 22:06:11,898 - DEBUG - Image: failed to import MicImagePlugin: No module named 'olefile'
2026-01-25 22:06:11,898 - DEBUG - Importing MpegImagePlugin
2026-01-25 22:06:11,911 - DEBUG - Importing MpoImagePlugin
2026-01-25 22:06:12,003 - DEBUG - Importing MspImagePlugin
2026-01-25 22:06:12,011 - DEBUG - Importing PalmImagePlugin
2026-01-25 22:06:12,021 - DEBUG - Importing PcdImagePlugin
2026-01-25 22:06:12,030 - DEBUG - Importing PcxImagePlugin
2026-01-25 22:06:12,030 - DEBUG - Importing PdfImagePlugin
2026-01-25 22:06:12,072 - DEBUG - Importing PixarImagePlugin
2026-01-25 22:06:12,088 - DEBUG - Importing PngImagePlugin
2026-01-25 22:06:12,088 - DEBUG - Importing PpmImagePlugin
2026-01-25 22:06:12,088 - DEBUG - Importing PsdImagePlugin
2026-01-25 22:06:12,098 - DEBUG - Importing QoiImagePlugin
2026-01-25 22:06:12,107 - DEBUG - Importing SgiImagePlugin
2026-01-25 22:06:12,116 - DEBUG - Importing SpiderImagePlugin
2026-01-25 22:06:12,126 - DEBUG - Importing SunImagePlugin
2026-01-25 22:06:12,135 - DEBUG - Importing TgaImagePlugin
2026-01-25 22:06:12,143 - DEBUG - Importing TiffImagePlugin
2026-01-25 22:06:12,143 - DEBUG - Importing WebPImagePlugin
2026-01-25 22:06:12,179 - DEBUG - Importing WmfImagePlugin
2026-01-25 22:06:12,189 - DEBUG - Importing XbmImagePlugin
2026-01-25 22:06:12,199 - DEBUG - Importing XpmImagePlugin
2026-01-25 22:06:12,208 - DEBUG - Importing XVThumbImagePlugin
